<?xml version="1.0" encoding="UTF-8"?><testrun name="MainTests" project="WebServer" tests="12" started="12" failures="0" errors="2" ignored="0">
  <testsuite name="com.vvs.webserver.unittest.webserver.MainTests" time="0.498">
    <testcase name="testBasePathisFile" classname="com.vvs.webserver.unittest.webserver.MainTests" time="0.0">
      <error>java.lang.Exception: base path and maitenance path must be real path to folders!
	at com.vvs.webserver.Main.main(Main.java:26)
	at com.vvs.webserver.unittest.webserver.MainTests.testBasePathisFile(MainTests.java:84)
	at sun.reflect.NativeMethodAccessorImpl.invoke0(Native Method)
	at sun.reflect.NativeMethodAccessorImpl.invoke(NativeMethodAccessorImpl.java:62)
	at sun.reflect.DelegatingMethodAccessorImpl.invoke(DelegatingMethodAccessorImpl.java:43)
	at java.lang.reflect.Method.invoke(Method.java:483)
	at org.junit.runners.model.FrameworkMethod$1.runReflectiveCall(FrameworkMethod.java:47)
	at org.junit.internal.runners.model.ReflectiveCallable.run(ReflectiveCallable.java:12)
	at org.junit.runners.model.FrameworkMethod.invokeExplosively(FrameworkMethod.java:44)
	at org.junit.internal.runners.statements.InvokeMethod.evaluate(InvokeMethod.java:17)
	at org.junit.runners.ParentRunner.runLeaf(ParentRunner.java:271)
	at org.junit.runners.BlockJUnit4ClassRunner.runChild(BlockJUnit4ClassRunner.java:70)
	at org.junit.runners.BlockJUnit4ClassRunner.runChild(BlockJUnit4ClassRunner.java:50)
	at org.junit.runners.ParentRunner$3.run(ParentRunner.java:238)
	at org.junit.runners.ParentRunner$1.schedule(ParentRunner.java:63)
	at org.junit.runners.ParentRunner.runChildren(ParentRunner.java:236)
	at org.junit.runners.ParentRunner.access$000(ParentRunner.java:53)
	at org.junit.runners.ParentRunner$2.evaluate(ParentRunner.java:229)
	at org.junit.runners.ParentRunner.run(ParentRunner.java:309)
	at org.eclipse.jdt.internal.junit4.runner.JUnit4TestReference.run(JUnit4TestReference.java:50)
	at org.eclipse.jdt.internal.junit.runner.TestExecution.run(TestExecution.java:38)
	at org.eclipse.jdt.internal.junit.runner.RemoteTestRunner.runTests(RemoteTestRunner.java:459)
	at org.eclipse.jdt.internal.junit.runner.RemoteTestRunner.runTests(RemoteTestRunner.java:675)
	at org.eclipse.jdt.internal.junit.runner.RemoteTestRunner.run(RemoteTestRunner.java:382)
	at org.eclipse.jdt.internal.junit.runner.RemoteTestRunner.main(RemoteTestRunner.java:192)

</error>
    </testcase>
    <testcase name="testMainCannotListenToPort" classname="com.vvs.webserver.unittest.webserver.MainTests" time="0.0"/>
    <testcase name="testMainInvalidMaitenancePath" classname="com.vvs.webserver.unittest.webserver.MainTests" time="0.0"/>
    <testcase name="testMainInvalidNumber10" classname="com.vvs.webserver.unittest.webserver.MainTests" time="0.0"/>
    <testcase name="testMainInvalidBasePath" classname="com.vvs.webserver.unittest.webserver.MainTests" time="0.0"/>
    <testcase name="testMainInvalidNumber700000" classname="com.vvs.webserver.unittest.webserver.MainTests" time="0.0"/>
    <testcase name="testMPathisFile" classname="com.vvs.webserver.unittest.webserver.MainTests" time="0.0">
      <error>java.lang.Exception: base path and maitenance path must be real path to folders!
	at com.vvs.webserver.Main.main(Main.java:26)
	at com.vvs.webserver.unittest.webserver.MainTests.testMPathisFile(MainTests.java:89)
	at sun.reflect.NativeMethodAccessorImpl.invoke0(Native Method)
	at sun.reflect.NativeMethodAccessorImpl.invoke(NativeMethodAccessorImpl.java:62)
	at sun.reflect.DelegatingMethodAccessorImpl.invoke(DelegatingMethodAccessorImpl.java:43)
	at java.lang.reflect.Method.invoke(Method.java:483)
	at org.junit.runners.model.FrameworkMethod$1.runReflectiveCall(FrameworkMethod.java:47)
	at org.junit.internal.runners.model.ReflectiveCallable.run(ReflectiveCallable.java:12)
	at org.junit.runners.model.FrameworkMethod.invokeExplosively(FrameworkMethod.java:44)
	at org.junit.internal.runners.statements.InvokeMethod.evaluate(InvokeMethod.java:17)
	at org.junit.runners.ParentRunner.runLeaf(ParentRunner.java:271)
	at org.junit.runners.BlockJUnit4ClassRunner.runChild(BlockJUnit4ClassRunner.java:70)
	at org.junit.runners.BlockJUnit4ClassRunner.runChild(BlockJUnit4ClassRunner.java:50)
	at org.junit.runners.ParentRunner$3.run(ParentRunner.java:238)
	at org.junit.runners.ParentRunner$1.schedule(ParentRunner.java:63)
	at org.junit.runners.ParentRunner.runChildren(ParentRunner.java:236)
	at org.junit.runners.ParentRunner.access$000(ParentRunner.java:53)
	at org.junit.runners.ParentRunner$2.evaluate(ParentRunner.java:229)
	at org.junit.runners.ParentRunner.run(ParentRunner.java:309)
	at org.eclipse.jdt.internal.junit4.runner.JUnit4TestReference.run(JUnit4TestReference.java:50)
	at org.eclipse.jdt.internal.junit.runner.TestExecution.run(TestExecution.java:38)
	at org.eclipse.jdt.internal.junit.runner.RemoteTestRunner.runTests(RemoteTestRunner.java:459)
	at org.eclipse.jdt.internal.junit.runner.RemoteTestRunner.runTests(RemoteTestRunner.java:675)
	at org.eclipse.jdt.internal.junit.runner.RemoteTestRunner.run(RemoteTestRunner.java:382)
	at org.eclipse.jdt.internal.junit.runner.RemoteTestRunner.main(RemoteTestRunner.java:192)

</error>
    </testcase>
    <testcase name="testMainInvalidNumber" classname="com.vvs.webserver.unittest.webserver.MainTests" time="0.0"/>
    <testcase name="testMainValid" classname="com.vvs.webserver.unittest.webserver.MainTests" time="0.496"/>
    <testcase name="testMainNull" classname="com.vvs.webserver.unittest.webserver.MainTests" time="0.0"/>
    <testcase name="testMainInvalidNumberOfParams0" classname="com.vvs.webserver.unittest.webserver.MainTests" time="0.001"/>
    <testcase name="testMainInvalidNumberOfParams1" classname="com.vvs.webserver.unittest.webserver.MainTests" time="0.001"/>
  </testsuite>
</testrun>
