<?xml version="1.0" encoding="UTF-8"?><testrun name="WebServerTest" project="WebServer" tests="29" started="29" failures="2" errors="0" ignored="0">
  <testsuite name="com.vvs.webserver.unittest.webserver.WebServerTest" time="0.528">
    <testcase name="testStartedJoin" classname="com.vvs.webserver.unittest.webserver.WebServerTest" time="0.492"/>
    <testcase name="testSetMaxNumberOfThreads" classname="com.vvs.webserver.unittest.webserver.WebServerTest" time="0.002"/>
    <testcase name="testGetState" classname="com.vvs.webserver.unittest.webserver.WebServerTest" time="0.002"/>
    <testcase name="testClose" classname="com.vvs.webserver.unittest.webserver.WebServerTest" time="0.001"/>
    <testcase name="testWebServerNullBase" classname="com.vvs.webserver.unittest.webserver.WebServerTest" time="0.002"/>
    <testcase name="testStart" classname="com.vvs.webserver.unittest.webserver.WebServerTest" time="0.001"/>
    <testcase name="testWebServerAllNull" classname="com.vvs.webserver.unittest.webserver.WebServerTest" time="0.001"/>
    <testcase name="testStop" classname="com.vvs.webserver.unittest.webserver.WebServerTest" time="0.001"/>
    <testcase name="testNotStartedJoin" classname="com.vvs.webserver.unittest.webserver.WebServerTest" time="0.001"/>
    <testcase name="testWebServerNullMaintenance" classname="com.vvs.webserver.unittest.webserver.WebServerTest" time="0.001"/>
    <testcase name="testSetMaxNumberOfThreadIllegal" classname="com.vvs.webserver.unittest.webserver.WebServerTest" time="0.002"/>
    <testcase name="testSetBaseDirectoryStarted" classname="com.vvs.webserver.unittest.webserver.WebServerTest" time="0.001"/>
    <testcase name="testGetMaintenancePath" classname="com.vvs.webserver.unittest.webserver.WebServerTest" time="0.001"/>
    <testcase name="testSetBaseDirectory" classname="com.vvs.webserver.unittest.webserver.WebServerTest" time="0.001"/>
    <testcase name="testWebServer" classname="com.vvs.webserver.unittest.webserver.WebServerTest" time="0.001"/>
    <testcase name="testSetRunning" classname="com.vvs.webserver.unittest.webserver.WebServerTest" time="0.005">
      <failure>java.lang.AssertionError: expected:&lt;RUNNING&gt; but was:&lt;STOPPED&gt;
	at org.junit.Assert.fail(Assert.java:88)
	at org.junit.Assert.failNotEquals(Assert.java:743)
	at org.junit.Assert.assertEquals(Assert.java:118)
	at org.junit.Assert.assertEquals(Assert.java:144)
	at com.vvs.webserver.unittest.webserver.WebServerTest.testSetRunning(WebServerTest.java:303)
	at sun.reflect.NativeMethodAccessorImpl.invoke0(Native Method)
	at sun.reflect.NativeMethodAccessorImpl.invoke(NativeMethodAccessorImpl.java:62)
	at sun.reflect.DelegatingMethodAccessorImpl.invoke(DelegatingMethodAccessorImpl.java:43)
	at java.lang.reflect.Method.invoke(Method.java:483)
	at org.junit.runners.model.FrameworkMethod$1.runReflectiveCall(FrameworkMethod.java:47)
	at org.junit.internal.runners.model.ReflectiveCallable.run(ReflectiveCallable.java:12)
	at org.junit.runners.model.FrameworkMethod.invokeExplosively(FrameworkMethod.java:44)
	at org.junit.internal.runners.statements.InvokeMethod.evaluate(InvokeMethod.java:17)
	at org.junit.internal.runners.statements.RunBefores.evaluate(RunBefores.java:26)
	at org.junit.internal.runners.statements.RunAfters.evaluate(RunAfters.java:27)
	at org.junit.runners.ParentRunner.runLeaf(ParentRunner.java:271)
	at org.junit.runners.BlockJUnit4ClassRunner.runChild(BlockJUnit4ClassRunner.java:70)
	at org.junit.runners.BlockJUnit4ClassRunner.runChild(BlockJUnit4ClassRunner.java:50)
	at org.junit.runners.ParentRunner$3.run(ParentRunner.java:238)
	at org.junit.runners.ParentRunner$1.schedule(ParentRunner.java:63)
	at org.junit.runners.ParentRunner.runChildren(ParentRunner.java:236)
	at org.junit.runners.ParentRunner.access$000(ParentRunner.java:53)
	at org.junit.runners.ParentRunner$2.evaluate(ParentRunner.java:229)
	at org.junit.runners.ParentRunner.run(ParentRunner.java:309)
	at org.eclipse.jdt.internal.junit4.runner.JUnit4TestReference.run(JUnit4TestReference.java:50)
	at org.eclipse.jdt.internal.junit.runner.TestExecution.run(TestExecution.java:38)
	at org.eclipse.jdt.internal.junit.runner.RemoteTestRunner.runTests(RemoteTestRunner.java:459)
	at org.eclipse.jdt.internal.junit.runner.RemoteTestRunner.runTests(RemoteTestRunner.java:675)
	at org.eclipse.jdt.internal.junit.runner.RemoteTestRunner.run(RemoteTestRunner.java:382)
	at org.eclipse.jdt.internal.junit.runner.RemoteTestRunner.main(RemoteTestRunner.java:192)

</failure>
    </testcase>
    <testcase name="testGetMaxNumberOfThreads" classname="com.vvs.webserver.unittest.webserver.WebServerTest" time="0.001"/>
    <testcase name="testSetBaseDirectoryNull" classname="com.vvs.webserver.unittest.webserver.WebServerTest" time="0.001"/>
    <testcase name="testWebServerNullSocket" classname="com.vvs.webserver.unittest.webserver.WebServerTest" time="0.001"/>
    <testcase name="testSetMaintenancePath" classname="com.vvs.webserver.unittest.webserver.WebServerTest" time="0.001"/>
    <testcase name="testSetMaintenanceStop" classname="com.vvs.webserver.unittest.webserver.WebServerTest" time="0.001">
      <failure>java.lang.AssertionError: expected:&lt;RUNNING&gt; but was:&lt;STOPPED&gt;
	at org.junit.Assert.fail(Assert.java:88)
	at org.junit.Assert.failNotEquals(Assert.java:743)
	at org.junit.Assert.assertEquals(Assert.java:118)
	at org.junit.Assert.assertEquals(Assert.java:144)
	at com.vvs.webserver.unittest.webserver.WebServerTest.testSetMaintenanceStop(WebServerTest.java:310)
	at sun.reflect.NativeMethodAccessorImpl.invoke0(Native Method)
	at sun.reflect.NativeMethodAccessorImpl.invoke(NativeMethodAccessorImpl.java:62)
	at sun.reflect.DelegatingMethodAccessorImpl.invoke(DelegatingMethodAccessorImpl.java:43)
	at java.lang.reflect.Method.invoke(Method.java:483)
	at org.junit.runners.model.FrameworkMethod$1.runReflectiveCall(FrameworkMethod.java:47)
	at org.junit.internal.runners.model.ReflectiveCallable.run(ReflectiveCallable.java:12)
	at org.junit.runners.model.FrameworkMethod.invokeExplosively(FrameworkMethod.java:44)
	at org.junit.internal.runners.statements.InvokeMethod.evaluate(InvokeMethod.java:17)
	at org.junit.internal.runners.statements.RunBefores.evaluate(RunBefores.java:26)
	at org.junit.internal.runners.statements.RunAfters.evaluate(RunAfters.java:27)
	at org.junit.runners.ParentRunner.runLeaf(ParentRunner.java:271)
	at org.junit.runners.BlockJUnit4ClassRunner.runChild(BlockJUnit4ClassRunner.java:70)
	at org.junit.runners.BlockJUnit4ClassRunner.runChild(BlockJUnit4ClassRunner.java:50)
	at org.junit.runners.ParentRunner$3.run(ParentRunner.java:238)
	at org.junit.runners.ParentRunner$1.schedule(ParentRunner.java:63)
	at org.junit.runners.ParentRunner.runChildren(ParentRunner.java:236)
	at org.junit.runners.ParentRunner.access$000(ParentRunner.java:53)
	at org.junit.runners.ParentRunner$2.evaluate(ParentRunner.java:229)
	at org.junit.runners.ParentRunner.run(ParentRunner.java:309)
	at org.eclipse.jdt.internal.junit4.runner.JUnit4TestReference.run(JUnit4TestReference.java:50)
	at org.eclipse.jdt.internal.junit.runner.TestExecution.run(TestExecution.java:38)
	at org.eclipse.jdt.internal.junit.runner.RemoteTestRunner.runTests(RemoteTestRunner.java:459)
	at org.eclipse.jdt.internal.junit.runner.RemoteTestRunner.runTests(RemoteTestRunner.java:675)
	at org.eclipse.jdt.internal.junit.runner.RemoteTestRunner.run(RemoteTestRunner.java:382)
	at org.eclipse.jdt.internal.junit.runner.RemoteTestRunner.main(RemoteTestRunner.java:192)

</failure>
    </testcase>
    <testcase name="testRestart" classname="com.vvs.webserver.unittest.webserver.WebServerTest" time="0.002"/>
    <testcase name="testSetMaintenancePathNull" classname="com.vvs.webserver.unittest.webserver.WebServerTest" time="0.001"/>
    <testcase name="testGetBaseDirectory" classname="com.vvs.webserver.unittest.webserver.WebServerTest" time="0.0"/>
    <testcase name="testSetMaintenanceStart" classname="com.vvs.webserver.unittest.webserver.WebServerTest" time="0.001"/>
    <testcase name="testWebServerZeroThreads" classname="com.vvs.webserver.unittest.webserver.WebServerTest" time="0.001"/>
    <testcase name="testIsAlive" classname="com.vvs.webserver.unittest.webserver.WebServerTest" time="0.001"/>
    <testcase name="testSetMaintenancePathStarted" classname="com.vvs.webserver.unittest.webserver.WebServerTest" time="0.0"/>
    <testcase name="testSetState" classname="com.vvs.webserver.unittest.webserver.WebServerTest" time="0.002"/>
  </testsuite>
</testrun>
